<?xml version="1.0" encoding="UTF-8"?>
<!-- Generated by org.testng.reporters.JUnitReportReporter -->
<testsuite hostname="Rajhans" failures="0" tests="1" name="com.androidVirtalTest.LongPressEx" time="8.662" errors="0" timestamp="2023-12-05T12:15:00 IST" skipped="0">
  <testcase classname="com.androidVirtalTest.LongPressEx" name="test" time="8.662"/>
</testsuite> <!-- com.androidVirtalTest.LongPressEx -->
