<?xml version="1.0" encoding="UTF-8"?>
<!-- Generated by org.testng.reporters.JUnitReportReporter -->
<testsuite hostname="Rajhans" failures="0" tests="1" name="com.androidVirtalTest.FlipKartTest" time="14.935" errors="0" timestamp="2023-12-05T16:46:29 IST" skipped="0">
  <testcase classname="com.androidVirtalTest.FlipKartTest" name="test" time="14.935"/>
</testsuite> <!-- com.androidVirtalTest.FlipKartTest -->
