<?xml version="1.0" encoding="UTF-8"?>
<!-- Generated by org.testng.reporters.JUnitReportReporter -->
<testsuite hostname="Rajhans" failures="0" tests="1" name="com.androidVirtalTest.DragAndDrop" time="4.091" errors="0" timestamp="2023-12-05T13:21:47 IST" skipped="0">
  <testcase classname="com.androidVirtalTest.DragAndDrop" name="testName" time="4.091"/>
</testsuite> <!-- com.androidVirtalTest.DragAndDrop -->
