<?xml version="1.0" encoding="UTF-8"?>
<!-- Generated by org.testng.reporters.JUnitReportReporter -->
<testsuite hostname="Rajhans" failures="0" tests="1" name="com.androidVirtalTest.WifiSetting" time="7.681" errors="0" timestamp="2023-12-05T12:11:14 IST" skipped="0">
  <testcase classname="com.androidVirtalTest.WifiSetting" name="test" time="7.681"/>
</testsuite> <!-- com.androidVirtalTest.WifiSetting -->
