<?xml version="1.0" encoding="UTF-8"?>
<!-- Generated by org.testng.reporters.JUnitReportReporter -->
<testsuite hostname="Rajhans" failures="0" tests="1" name="com.AndroidVirtualStore.LoginTest" time="22.545" errors="0" timestamp="2023-12-05T16:26:59 IST" skipped="0">
  <testcase classname="com.AndroidVirtualStore.LoginTest" name="test" time="22.545"/>
</testsuite> <!-- com.AndroidVirtualStore.LoginTest -->
