<?xml version="1.0" encoding="UTF-8"?>
<!-- Generated by org.testng.reporters.JUnitReportReporter -->
<testsuite hostname="Rajhans" failures="0" tests="1" name="com.androidVirtalTest.SwipeToText" time="8.757" errors="0" timestamp="2023-12-05T13:00:26 IST" skipped="0">
  <testcase classname="com.androidVirtalTest.SwipeToText" name="test" time="8.757"/>
</testsuite> <!-- com.androidVirtalTest.SwipeToText -->
