<?xml version="1.0" encoding="UTF-8"?>
<!-- Generated by org.testng.reporters.JUnitReportReporter -->
<testsuite hostname="Rajhans" failures="0" tests="1" name="com.test.HotstarTest" time="0.004" errors="0" timestamp="2023-11-29T11:03:17 IST" skipped="0">
  <testcase classname="com.test.HotstarTest" name="test" time="0.004"/>
</testsuite> <!-- com.test.HotstarTest -->
