<?xml version="1.0" encoding="UTF-8"?>
<!-- Generated by org.testng.reporters.JUnitReportReporter -->
<testsuite hostname="Rajhans" failures="0" tests="1" name="com.test.BrowserTest" time="15.403" errors="0" timestamp="2023-11-30T12:32:37 IST" skipped="0">
  <testcase classname="com.test.BrowserTest" name="browserTest" time="15.403"/>
</testsuite> <!-- com.test.BrowserTest -->
