<?xml version="1.0" encoding="UTF-8"?>
<!-- Generated by org.testng.reporters.JUnitReportReporter -->
<testsuite hostname="Rajhans" failures="0" tests="1" name="com.androidVirtalTest.SwipeTest" time="9.134" errors="0" timestamp="2023-12-05T13:09:00 IST" skipped="0">
  <testcase classname="com.androidVirtalTest.SwipeTest" name="testName" time="9.134"/>
</testsuite> <!-- com.androidVirtalTest.SwipeTest -->
