<?xml version="1.0" encoding="UTF-8"?>
<!-- Generated by org.testng.reporters.JUnitReportReporter -->
<testsuite hostname="Rajhans" failures="0" tests="1" name="com.test.FirstTest" time="8.903" errors="0" timestamp="2023-11-30T11:43:41 IST" skipped="0">
  <testcase classname="com.test.FirstTest" name="test" time="8.903"/>
</testsuite> <!-- com.test.FirstTest -->
