<?xml version="1.0" encoding="UTF-8"?>
<!-- Generated by org.testng.reporters.JUnitReportReporter -->
<testsuite hostname="Rajhans" failures="0" tests="1" name="com.androidVirtalTest.ActivityTest" time="4.130" errors="0" timestamp="2024-02-11T18:49:40 IST" skipped="0">
  <testcase classname="com.androidVirtalTest.ActivityTest" name="test" time="4.130"/>
</testsuite> <!-- com.androidVirtalTest.ActivityTest -->
