<?xml version="1.0" encoding="UTF-8"?>
<!-- Generated by org.testng.reporters.JUnitReportReporter -->
<testsuite hostname="Rajhans" failures="0" tests="1" name="com.androidVirtalTest.ScrollWithoutText" time="24.202" errors="0" timestamp="2023-12-05T14:25:38 IST" skipped="0">
  <testcase classname="com.androidVirtalTest.ScrollWithoutText" name="test" time="24.202"/>
</testsuite> <!-- com.androidVirtalTest.ScrollWithoutText -->
